<?xml version="1.0" encoding="UTF-8"?>
<!-- Generated by org.testng.reporters.JUnitReportReporter -->
<testsuite hostname="DESKTOP-UIN03G3" failures="0" tests="1" name="Testcases.TC_DWS_02_Test" time="29.333" errors="0" timestamp="2022-08-09T15:04:00 GMT-07:00" skipped="0">
  <testcase classname="Testcases.TC_DWS_02_Test" name="search_product" time="29.333"/>
  <system-out>
    <![CDATA[clicked on the login link
email adress is entered successfully
password entered successfully
clicked on the login link
prduct name has been entered
clicked on the search button]]>
  </system-out>
</testsuite> <!-- Testcases.TC_DWS_02_Test -->
