<?xml version="1.0" encoding="UTF-8"?>
<!-- Generated by org.testng.reporters.JUnitReportReporter -->
<testsuite hostname="DESKTOP-UIN03G3" failures="0" tests="1" name="Demowebshoptestcases.Searchforproduct_Test" time="121.805" errors="0" timestamp="2022-08-01T13:22:10 GMT-07:00" skipped="0">
  <testcase classname="Demowebshoptestcases.Searchforproduct_Test" name="product" time="121.805"/>
  <system-out/>
</testsuite> <!-- Demowebshoptestcases.Searchforproduct_Test -->
