<?xml version="1.0" encoding="UTF-8"?>
<!-- Generated by org.testng.reporters.JUnitReportReporter -->
<testsuite hostname="DESKTOP-UIN03G3" failures="0" tests="1" name="LauchTheBrowser.Tc_01" time="39.978" errors="0" timestamp="2022-07-30T15:39:25 GMT-07:00" skipped="0">
  <testcase classname="LauchTheBrowser.Tc_01" name="launchEpfo" time="39.978"/>
  <system-out/>
</testsuite> <!-- LauchTheBrowser.Tc_01 -->
