<?xml version="1.0" encoding="UTF-8"?>
<!-- Generated by org.testng.reporters.JUnitReportReporter -->
<testsuite hostname="DESKTOP-UIN03G3" failures="0" tests="1" name="Demowebshoptestcases.WithoutRegister_Test" time="23.581" errors="0" timestamp="2022-08-01T13:44:44 GMT-07:00" skipped="0">
  <testcase classname="Demowebshoptestcases.WithoutRegister_Test" name="withoutRegister" time="23.581"/>
  <system-out/>
</testsuite> <!-- Demowebshoptestcases.WithoutRegister_Test -->
