<?xml version="1.0" encoding="UTF-8"?>
<!-- Generated by org.testng.reporters.JUnitReportReporter -->
<testsuite hostname="DESKTOP-UIN03G3" failures="0" tests="1" name="Testcases.ReadingDataFromExcel_Test" time="27.055" errors="0" timestamp="2022-08-09T15:58:02 GMT-07:00" skipped="0">
  <testcase classname="Testcases.ReadingDataFromExcel_Test" name="readingData" time="27.055"/>
  <system-out/>
</testsuite> <!-- Testcases.ReadingDataFromExcel_Test -->
